<?xml version="1.0" encoding="UTF-8"?>
<!-- Generated by org.testng.reporters.JUnitXMLReporter -->
<testsuite ignored="0" hostname="likith" failures="0" tests="9" name="Default test" time="2.719" errors="0" timestamp="2024-07-15T15:25:11 IST">
  <testcase classname="ddt.Adddatafromexcel" name="sampleTest" time="1.242"/>
  <testcase classname="ddt.Adddatafromexcel" name="sampleTest" time="0.071"/>
  <testcase classname="ddt.Adddatafromexcel" name="sampleTest" time="0.089"/>
  <testcase classname="ddt.Adddatafromexcel" name="sampleTest" time="0.092"/>
  <testcase classname="ddt.Adddatafromexcel" name="sampleTest" time="0.066"/>
  <testcase classname="ddt.Adddatafromexcel" name="sampleTest" time="0.071"/>
  <testcase classname="ddt.Adddatafromexcel" name="sampleTest" time="0.076"/>
  <testcase classname="ddt.Adddatafromexcel" name="sampleTest" time="0.075"/>
  <testcase classname="ddt.Adddatafromexcel" name="sampleTest" time="0.082"/>
</testsuite> <!-- Default test -->
